2022-09-12 19:33:01.249252 SUCCESS     Get Daemon Status for ssh
2022-09-12 19:33:01.619796 SUCCESS     Get Daemon Status for ftp
2022-09-12 19:33:01.922744 SUCCESS     Get Daemon Status for http
2022-09-12 19:33:02.115739 SUCCESS     Get Daemon Status for pesit
2022-09-12 19:33:02.293968 SUCCESS     Get Daemon Status for as2
2022-09-12 19:33:02.688757 SUCCESS     Get Daemon Status for TM
2022-09-12 20:50:47.549412 SUCCESS     Get Daemon Status for ssh
2022-09-12 20:50:48.069754 SUCCESS     Get Daemon Status for ftp
2022-09-12 20:50:48.562289 SUCCESS     Get Daemon Status for http
2022-09-12 20:50:49.011255 SUCCESS     Get Daemon Status for pesit
2022-09-12 20:50:49.391058 SUCCESS     Get Daemon Status for as2
2022-09-12 20:50:49.829745 SUCCESS     Get Daemon Status for TM
2022-09-12 20:51:05.765156 SUCCESS     email sent successfully to arpitbalwani072@gmail.com
2022-09-12 21:19:08.779791 SUCCESS     Get Daemon Status for ssh
2022-09-12 21:19:09.268610 SUCCESS     Get Daemon Status for ftp
2022-09-12 21:19:09.800926 SUCCESS     Get Daemon Status for http
2022-09-12 21:19:10.197091 SUCCESS     Get Daemon Status for pesit
2022-09-12 21:19:10.624363 SUCCESS     Get Daemon Status for as2
2022-09-12 21:19:11.646270 SUCCESS     Get Daemon Status for TM
2022-09-12 21:19:25.835208 SUCCESS     email sent successfully to arpitbalwani072@gmail.com
2022-09-12 22:15:38.539517 SUCCESS     Get Daemon Status for ssh
2022-09-12 22:15:39.050341 SUCCESS     Get Daemon Status for ftp
2022-09-12 22:15:39.496097 SUCCESS     Get Daemon Status for http
2022-09-12 22:15:39.908569 SUCCESS     Get Daemon Status for pesit
2022-09-12 22:15:40.344982 SUCCESS     Get Daemon Status for as2
2022-09-12 22:15:40.751016 SUCCESS     Get Daemon Status for TM
2022-09-12 22:16:00.238068 SUCCESS     email sent successfully to arpitbalwani072@gmail.com, because less than 4 services active : ['ftp', 'http', 'tm']
2022-09-12 22:17:42.820014 SUCCESS     Get Daemon Status for ssh
2022-09-12 22:17:43.244531 SUCCESS     Get Daemon Status for ftp
2022-09-12 22:17:43.688535 SUCCESS     Get Daemon Status for http
2022-09-12 22:17:44.045023 SUCCESS     Get Daemon Status for pesit
2022-09-12 22:17:44.395957 SUCCESS     Get Daemon Status for as2
2022-09-12 22:17:44.748902 SUCCESS     Get Daemon Status for TM
2022-09-12 22:17:58.438582 SUCCESS     email sent successfully to arpitbalwani072@gmail.com, because less than 4 services active : ['ftp', 'http', 'tm']
2022-09-12 22:19:44.133806 SUCCESS     Get Daemon Status for ssh
2022-09-12 22:19:44.545470 SUCCESS     Get Daemon Status for ftp
2022-09-12 22:19:45.011325 SUCCESS     Get Daemon Status for http
2022-09-12 22:19:45.379860 SUCCESS     Get Daemon Status for pesit
2022-09-12 22:19:45.762136 SUCCESS     Get Daemon Status for as2
2022-09-12 22:19:46.123587 SUCCESS     Get Daemon Status for TM
2022-09-12 22:20:05.095612 SUCCESS     email sent successfully to arpitbalwani072@gmail.com, because less than 4 services active : ['ftp', 'http', 'tm']
2022-09-14 11:41:50.394970 FATAL I cannot connect to https://st-lab:444/api/v2.0/servers?protocol=ssh&isActive=true
2022-09-14 11:41:50.418432 FATAL HTTPSConnectionPool(host='st-lab', port=444): Max retries exceeded with url: /api/v2.0/servers?protocol=ssh&isActive=true (Caused by ConnectTimeoutError(<urllib3.connection.HTTPSConnection object at 0x00000239A2C38610>, 'Connection to st-lab timed out. (connect timeout=120)'))
2022-09-14 11:42:33.413961 SUCCESS     Get Daemon Status for ssh
2022-09-14 11:42:33.638331 SUCCESS     Get Daemon Status for ftp
2022-09-14 11:42:33.872743 SUCCESS     Get Daemon Status for http
2022-09-14 11:42:34.111093 SUCCESS     Get Daemon Status for pesit
2022-09-14 11:42:34.288081 SUCCESS     Get Daemon Status for as2
2022-09-14 11:42:34.613625 SUCCESS     Get Daemon Status for TM
2022-09-14 11:44:13.944552 SUCCESS     Get Daemon Status for ssh
2022-09-14 11:44:14.224777 SUCCESS     Get Daemon Status for ftp
2022-09-14 11:44:14.460365 SUCCESS     Get Daemon Status for http
2022-09-14 11:44:14.642544 SUCCESS     Get Daemon Status for pesit
2022-09-14 11:44:14.827276 SUCCESS     Get Daemon Status for as2
2022-09-14 11:44:15.117095 SUCCESS     Get Daemon Status for TM
2022-09-14 11:44:58.046617 SUCCESS     Get Daemon Status for ssh
2022-09-14 11:44:58.292559 SUCCESS     Get Daemon Status for ftp
2022-09-14 11:44:58.516431 SUCCESS     Get Daemon Status for http
2022-09-14 11:44:58.703793 SUCCESS     Get Daemon Status for pesit
2022-09-14 11:44:58.923675 SUCCESS     Get Daemon Status for as2
2022-09-14 11:44:59.229799 SUCCESS     Get Daemon Status for TM
2022-09-14 11:45:23.882679 SUCCESS     Get Daemon Status for ssh
2022-09-14 11:45:24.095927 SUCCESS     Get Daemon Status for ftp
2022-09-14 11:45:24.318069 SUCCESS     Get Daemon Status for http
2022-09-14 11:45:24.502201 SUCCESS     Get Daemon Status for pesit
2022-09-14 11:45:24.687265 SUCCESS     Get Daemon Status for as2
2022-09-14 11:45:24.970629 SUCCESS     Get Daemon Status for TM
2022-09-14 11:46:08.727976 SUCCESS     Get Daemon Status for ssh
2022-09-14 11:46:08.968663 SUCCESS     Get Daemon Status for ftp
2022-09-14 11:46:09.210618 SUCCESS     Get Daemon Status for http
2022-09-14 11:46:09.436957 SUCCESS     Get Daemon Status for pesit
2022-09-14 11:46:09.621301 SUCCESS     Get Daemon Status for as2
2022-09-14 11:46:09.899119 SUCCESS     Get Daemon Status for TM
2022-09-14 11:46:49.773202 SUCCESS     Get Daemon Status for ssh
2022-09-14 11:46:50.020767 SUCCESS     Get Daemon Status for ftp
2022-09-14 11:46:50.264782 SUCCESS     Get Daemon Status for http
2022-09-14 11:46:50.445631 SUCCESS     Get Daemon Status for pesit
2022-09-14 11:46:50.634605 SUCCESS     Get Daemon Status for as2
2022-09-14 11:46:50.907124 SUCCESS     Get Daemon Status for TM
2022-09-14 11:50:58.500055 SUCCESS     Get Daemon Status for ssh
2022-09-14 11:50:58.731392 SUCCESS     Get Daemon Status for ftp
2022-09-14 11:50:58.981232 SUCCESS     Get Daemon Status for http
2022-09-14 11:50:59.196057 SUCCESS     Get Daemon Status for pesit
2022-09-14 11:50:59.386867 SUCCESS     Get Daemon Status for as2
2022-09-14 11:50:59.698627 SUCCESS     Get Daemon Status for TM
2022-09-14 11:51:24.262862 SUCCESS     Get Daemon Status for ssh
2022-09-14 11:51:24.470161 SUCCESS     Get Daemon Status for ftp
2022-09-14 11:51:24.727991 SUCCESS     Get Daemon Status for http
2022-09-14 11:51:24.917481 SUCCESS     Get Daemon Status for pesit
2022-09-14 11:51:25.091413 SUCCESS     Get Daemon Status for as2
2022-09-14 11:51:25.362385 SUCCESS     Get Daemon Status for TM
2022-09-14 12:03:58.873024 SUCCESS     Get Daemon Status for ssh
2022-09-14 12:03:59.120387 SUCCESS     Get Daemon Status for ftp
2022-09-14 12:03:59.432719 SUCCESS     Get Daemon Status for http
2022-09-14 12:03:59.614557 SUCCESS     Get Daemon Status for pesit
2022-09-14 12:03:59.789766 SUCCESS     Get Daemon Status for as2
2022-09-14 12:04:00.082410 SUCCESS     Get Daemon Status for TM
2022-09-14 12:04:05.239661 SUCCESS     email sent to arpit.balwani@state.co.us because active service count was not less than 4
2022-09-14 12:21:35.536059 SUCCESS     Get Daemon Status for ssh
2022-09-14 12:21:35.778565 SUCCESS     Get Daemon Status for ftp
2022-09-14 12:21:36.007908 SUCCESS     Get Daemon Status for http
2022-09-14 12:21:36.185786 SUCCESS     Get Daemon Status for pesit
2022-09-14 12:21:36.358452 SUCCESS     Get Daemon Status for as2
2022-09-14 12:21:36.647965 SUCCESS     Get Daemon Status for TM
2022-09-14 12:21:42.035538 SUCCESS     email sent to arpit.balwani@state.co.us because active service count was not less than 4
2022-09-14 12:24:19.077589 SUCCESS     Get Daemon Status for ssh
2022-09-14 12:24:19.332257 SUCCESS     Get Daemon Status for ftp
2022-09-14 12:24:19.560739 SUCCESS     Get Daemon Status for http
2022-09-14 12:24:19.742845 SUCCESS     Get Daemon Status for pesit
2022-09-14 12:24:19.924762 SUCCESS     Get Daemon Status for as2
2022-09-14 12:24:20.248745 SUCCESS     Get Daemon Status for TM
2022-09-14 12:24:25.426393 SUCCESS     email sent to arpit.balwani@state.co.us because active service count was not less than 4
2022-09-14 12:27:27.144082 SUCCESS     Get Daemon Status for ssh
2022-09-14 12:27:27.363901 SUCCESS     Get Daemon Status for ftp
2022-09-14 12:27:27.584186 SUCCESS     Get Daemon Status for http
2022-09-14 12:27:27.792238 SUCCESS     Get Daemon Status for pesit
2022-09-14 12:27:28.014223 SUCCESS     Get Daemon Status for as2
2022-09-14 12:27:28.279997 SUCCESS     Get Daemon Status for TM
2022-09-14 12:27:33.415518 SUCCESS     email sent to arpit.balwani@state.co.us because active service count was not less than 4
2022-09-14 12:29:44.839176 SUCCESS     Get Daemon Status for ssh
2022-09-14 12:29:45.103505 SUCCESS     Get Daemon Status for ftp
2022-09-14 12:29:45.333754 SUCCESS     Get Daemon Status for http
2022-09-14 12:29:45.548052 SUCCESS     Get Daemon Status for pesit
2022-09-14 12:29:45.784837 SUCCESS     Get Daemon Status for as2
2022-09-14 12:29:46.101799 SUCCESS     Get Daemon Status for TM
2022-09-14 12:29:51.202846 SUCCESS     email sent to arpitbalwani.ab@gmail.com because active service count was not less than 4
2022-09-14 12:30:29.771147 SUCCESS     Get Daemon Status for ssh
2022-09-14 12:30:30.162647 SUCCESS     Get Daemon Status for ftp
2022-09-14 12:30:30.424543 SUCCESS     Get Daemon Status for http
2022-09-14 12:30:30.617783 SUCCESS     Get Daemon Status for pesit
2022-09-14 12:30:30.869520 SUCCESS     Get Daemon Status for as2
2022-09-14 12:30:31.158753 SUCCESS     Get Daemon Status for TM
2022-09-14 12:30:36.289539 SUCCESS     email sent to arpitbalwani.ab@gmail.com because active service count was not less than 4
2022-09-14 12:32:17.873180 SUCCESS     Get Daemon Status for ssh
2022-09-14 12:32:18.089847 SUCCESS     Get Daemon Status for ftp
2022-09-14 12:32:18.319226 SUCCESS     Get Daemon Status for http
2022-09-14 12:32:18.538850 SUCCESS     Get Daemon Status for pesit
2022-09-14 12:32:18.801781 SUCCESS     Get Daemon Status for as2
2022-09-14 12:32:19.087421 SUCCESS     Get Daemon Status for TM
2022-09-14 12:32:24.199004 SUCCESS     email sent to arpitbalwani.ab@gmail.com because active service count was not less than 4
2022-09-14 12:32:44.284509 SUCCESS     Get Daemon Status for ssh
2022-09-14 12:32:44.530446 SUCCESS     Get Daemon Status for ftp
2022-09-14 12:32:44.745870 SUCCESS     Get Daemon Status for http
2022-09-14 12:32:44.927782 SUCCESS     Get Daemon Status for pesit
2022-09-14 12:32:45.165668 SUCCESS     Get Daemon Status for as2
2022-09-14 12:32:45.442793 SUCCESS     Get Daemon Status for TM
2022-09-14 12:32:50.521838 SUCCESS     email sent to arpit.balwani@state.co.us because active service count was not less than 4
2022-09-14 12:36:09.133658 SUCCESS     Get Daemon Status for ssh
2022-09-14 12:36:09.367350 SUCCESS     Get Daemon Status for ftp
2022-09-14 12:36:09.656793 SUCCESS     Get Daemon Status for http
2022-09-14 12:36:09.920556 SUCCESS     Get Daemon Status for pesit
2022-09-14 12:36:10.106121 SUCCESS     Get Daemon Status for as2
2022-09-14 12:36:10.427874 SUCCESS     Get Daemon Status for TM
2022-09-14 12:36:15.536956 SUCCESS     email sent to arpit.balwani@state.co.us because active service count was not less than 4
2022-09-14 13:21:38.365020 SUCCESS     Get Daemon Status for ssh
2022-09-14 13:21:38.665396 SUCCESS     Get Daemon Status for ftp
2022-09-14 13:21:38.897899 SUCCESS     Get Daemon Status for http
2022-09-14 13:21:39.089095 SUCCESS     Get Daemon Status for pesit
2022-09-14 13:21:39.273492 SUCCESS     Get Daemon Status for as2
2022-09-14 13:21:39.569093 SUCCESS     Get Daemon Status for TM
2022-09-14 13:21:44.840740 SUCCESS     email sent to arpit.balwani@state.co.us because active service count was not less than 4
2022-09-14 13:22:22.360876 SUCCESS     Get Daemon Status for ssh
2022-09-14 13:22:22.577577 SUCCESS     Get Daemon Status for ftp
2022-09-14 13:22:22.833280 SUCCESS     Get Daemon Status for http
2022-09-14 13:22:23.002686 SUCCESS     Get Daemon Status for pesit
2022-09-14 13:22:23.176208 SUCCESS     Get Daemon Status for as2
2022-09-14 13:22:23.456709 SUCCESS     Get Daemon Status for TM
2022-09-14 13:22:28.556252 SUCCESS     email sent to arpit.balwani@state.co.us because active service count was not less than 4
